<?xml version="1.0" encoding="UTF-8"?>
<testng-results ignored="0" total="3" passed="0" failed="3" skipped="0">
  <reporter-output>
  </reporter-output>
  <suite started-at="2023-03-08T10:46:07 IST" name="Default suite" finished-at="2023-03-08T10:46:54 IST" duration-ms="46792">
    <groups>
      <group name="cucumber">
        <method signature="AbstractTestNGCucumberTests.runScenario(io.cucumber.testng.PickleWrapper,io.cucumber.testng.FeatureWrapper)[pri:0, instance:TestRunner.Runner@2d1ef81a]" name="runScenario" class="io.cucumber.testng.AbstractTestNGCucumberTests"/>
      </group> <!-- cucumber -->
    </groups>
    <test started-at="2023-03-08T10:46:07 IST" name="Default test" finished-at="2023-03-08T10:46:54 IST" duration-ms="46792">
      <class name="TestRunner.Runner">
        <test-method is-config="true" signature="setUpClass(org.testng.ITestContext)[pri:0, instance:TestRunner.Runner@2d1ef81a]" started-at="2023-03-08T10:46:07 IST" name="setUpClass" finished-at="2023-03-08T10:46:09 IST" duration-ms="1871" status="PASS">
          <params>
            <param index="0">
              <value>
                <![CDATA[org.testng.TestRunner@31f295b6]]>
              </value>
            </param>
          </params>
          <reporter-output>
          </reporter-output>
        </test-method> <!-- setUpClass -->
        <test-method signature="runScenario(io.cucumber.testng.PickleWrapper,io.cucumber.testng.FeatureWrapper)[pri:0, instance:TestRunner.Runner@2d1ef81a]" started-at="2023-03-08T10:46:09 IST" name="runScenario" description="Runs Cucumber Scenarios" data-provider="scenarios" finished-at="2023-03-08T10:46:21 IST" duration-ms="12609" status="FAIL">
          <params>
            <param index="0">
              <value>
                <![CDATA["Login to Amazon page and get a phones final price after applying exchange offer."]]>
              </value>
            </param>
            <param index="1">
              <value>
                <![CDATA["Login to Amazon and check a smartphones cost after applying buy with exchange offer."]]>
              </value>
            </param>
          </params>
          <exception class="java.lang.IllegalArgumentException">
            <message>
              <![CDATA[Input must be set]]>
            </message>
            <full-stacktrace>
              <![CDATA[java.lang.IllegalArgumentException: Input must be set
at org.openqa.selenium.internal.Require.nonNull(Require.java:59)
at org.openqa.selenium.support.ui.FluentWait.<init>(FluentWait.java:97)
at org.openqa.selenium.support.ui.WebDriverWait.<init>(WebDriverWait.java:77)
at org.openqa.selenium.support.ui.WebDriverWait.<init>(WebDriverWait.java:46)
at Utilities.Utility.waitForElement(Utility.java:54)
at Scenarios.Login.LoginToamazon(Login.java:13)
at StepDefinitions.StepDefinition.i_login_using_my_phone_number(StepDefinition.java:29)
at ✽.I login using my phone number "XXXXXXXXXX" and password "xxxxxxxx"(file:///C:/Users/DELL/eclipse-workspace/Flipkart_Automation/src/main/java/Features/feature.feature:7)
]]>
            </full-stacktrace>
          </exception> <!-- java.lang.IllegalArgumentException -->
          <reporter-output>
          </reporter-output>
        </test-method> <!-- runScenario -->
        <test-method signature="runScenario(io.cucumber.testng.PickleWrapper,io.cucumber.testng.FeatureWrapper)[pri:0, instance:TestRunner.Runner@2d1ef81a]" started-at="2023-03-08T10:46:21 IST" name="runScenario" description="Runs Cucumber Scenarios" data-provider="scenarios" finished-at="2023-03-08T10:46:35 IST" duration-ms="13941" status="FAIL">
          <params>
            <param index="0">
              <value>
                <![CDATA["Login to Amazon page and get a phones final price after applying exchange offer."]]>
              </value>
            </param>
            <param index="1">
              <value>
                <![CDATA["Login to Amazon and check a smartphones cost after applying buy with exchange offer."]]>
              </value>
            </param>
          </params>
          <exception class="java.lang.IllegalArgumentException">
            <message>
              <![CDATA[Input must be set]]>
            </message>
            <full-stacktrace>
              <![CDATA[java.lang.IllegalArgumentException: Input must be set
at org.openqa.selenium.internal.Require.nonNull(Require.java:59)
at org.openqa.selenium.support.ui.FluentWait.<init>(FluentWait.java:97)
at org.openqa.selenium.support.ui.WebDriverWait.<init>(WebDriverWait.java:77)
at org.openqa.selenium.support.ui.WebDriverWait.<init>(WebDriverWait.java:46)
at Utilities.Utility.waitForElement(Utility.java:54)
at Scenarios.Login.LoginToamazon(Login.java:13)
at StepDefinitions.StepDefinition.i_login_using_my_phone_number(StepDefinition.java:29)
at ✽.I login using my phone number "XXXXXXXXXX" and password "xxxxxxxx"(file:///C:/Users/DELL/eclipse-workspace/Flipkart_Automation/src/main/java/Features/feature.feature:7)
]]>
            </full-stacktrace>
          </exception> <!-- java.lang.IllegalArgumentException -->
          <reporter-output>
          </reporter-output>
        </test-method> <!-- runScenario -->
        <test-method signature="runScenario(io.cucumber.testng.PickleWrapper,io.cucumber.testng.FeatureWrapper)[pri:0, instance:TestRunner.Runner@2d1ef81a]" started-at="2023-03-08T10:46:35 IST" name="runScenario" description="Runs Cucumber Scenarios" data-provider="scenarios" finished-at="2023-03-08T10:46:54 IST" duration-ms="18090" status="FAIL">
          <params>
            <param index="0">
              <value>
                <![CDATA["Login to Amazon page and get a phones final price after applying exchange offer."]]>
              </value>
            </param>
            <param index="1">
              <value>
                <![CDATA["Login to Amazon and check a smartphones cost after applying buy with exchange offer."]]>
              </value>
            </param>
          </params>
          <exception class="java.lang.IllegalArgumentException">
            <message>
              <![CDATA[Input must be set]]>
            </message>
            <full-stacktrace>
              <![CDATA[java.lang.IllegalArgumentException: Input must be set
at org.openqa.selenium.internal.Require.nonNull(Require.java:59)
at org.openqa.selenium.support.ui.FluentWait.<init>(FluentWait.java:97)
at org.openqa.selenium.support.ui.WebDriverWait.<init>(WebDriverWait.java:77)
at org.openqa.selenium.support.ui.WebDriverWait.<init>(WebDriverWait.java:46)
at Utilities.Utility.waitForElement(Utility.java:54)
at Scenarios.Login.LoginToamazon(Login.java:13)
at StepDefinitions.StepDefinition.i_login_using_my_phone_number(StepDefinition.java:29)
at ✽.I login using my phone number "XXXXXXXXXX" and password "xxxxxxxx"(file:///C:/Users/DELL/eclipse-workspace/Flipkart_Automation/src/main/java/Features/feature.feature:7)
]]>
            </full-stacktrace>
          </exception> <!-- java.lang.IllegalArgumentException -->
          <reporter-output>
          </reporter-output>
        </test-method> <!-- runScenario -->
        <test-method is-config="true" signature="tearDownClass()[pri:0, instance:TestRunner.Runner@2d1ef81a]" started-at="2023-03-08T10:46:54 IST" name="tearDownClass" finished-at="2023-03-08T10:46:54 IST" duration-ms="127" status="PASS">
          <reporter-output>
          </reporter-output>
        </test-method> <!-- tearDownClass -->
      </class> <!-- TestRunner.Runner -->
    </test> <!-- Default test -->
  </suite> <!-- Default suite -->
</testng-results>
